<?xml version="1.0" encoding="UTF-8"?>
<!-- Generated by org.testng.reporters.JUnitReportReporter -->
<testsuite skipped="0" hostname="DELL-PC" name="testClasses.DataBaseConnectivity" tests="2" failures="0" timestamp="30 Mar 2019 11:57:01 GMT" time="51.589" errors="0">
  <testcase name="setUpDatabaseConnection" time="27.452" classname="testClasses.DataBaseConnectivity"/>
  <testcase name="setUP" time="24.137" classname="testClasses.DataBaseConnectivity"/>
</testsuite> <!-- testClasses.DataBaseConnectivity -->
